0 info it worked if it ends with ok
1 verbose cli [ '/usr/bin/node', '/usr/bin/npm', 'install' ]
2 info using npm@1.4.28
3 info using node@v0.10.37
4 verbose node symlink /usr/bin/node
5 verbose readDependencies using package.json deps
6 verbose install where, deps [ '/home/alexg/usb1/Dev/MyProjects/akira/ClimateDataProto',
6 verbose install   [ 'bower',
6 verbose install     'http-server',
6 verbose install     'jasmine-core',
6 verbose install     'karma',
6 verbose install     'karma-chrome-launcher',
6 verbose install     'karma-firefox-launcher',
6 verbose install     'karma-jasmine',
6 verbose install     'karma-junit-reporter',
6 verbose install     'protractor',
6 verbose install     'shelljs' ] ]
7 info preinstall angular-seed@0.0.0
8 verbose readDependencies using package.json deps
9 verbose cache add [ 'bower@^1.3.1', null ]
10 verbose cache add name=undefined spec="bower@^1.3.1" args=["bower@^1.3.1",null]
11 verbose parsed url { protocol: null,
11 verbose parsed url   slashes: null,
11 verbose parsed url   auth: null,
11 verbose parsed url   host: null,
11 verbose parsed url   port: null,
11 verbose parsed url   hostname: null,
11 verbose parsed url   hash: null,
11 verbose parsed url   search: null,
11 verbose parsed url   query: null,
11 verbose parsed url   pathname: 'bower@^1.3.1',
11 verbose parsed url   path: 'bower@^1.3.1',
11 verbose parsed url   href: 'bower@^1.3.1' }
12 verbose cache add [ 'http-server@^0.6.1', null ]
13 verbose cache add name=undefined spec="http-server@^0.6.1" args=["http-server@^0.6.1",null]
14 verbose parsed url { protocol: null,
14 verbose parsed url   slashes: null,
14 verbose parsed url   auth: null,
14 verbose parsed url   host: null,
14 verbose parsed url   port: null,
14 verbose parsed url   hostname: null,
14 verbose parsed url   hash: null,
14 verbose parsed url   search: null,
14 verbose parsed url   query: null,
14 verbose parsed url   pathname: 'http-server@^0.6.1',
14 verbose parsed url   path: 'http-server@^0.6.1',
14 verbose parsed url   href: 'http-server@^0.6.1' }
15 verbose cache add [ 'jasmine-core@^2.3.4', null ]
16 verbose cache add name=undefined spec="jasmine-core@^2.3.4" args=["jasmine-core@^2.3.4",null]
17 verbose parsed url { protocol: null,
17 verbose parsed url   slashes: null,
17 verbose parsed url   auth: null,
17 verbose parsed url   host: null,
17 verbose parsed url   port: null,
17 verbose parsed url   hostname: null,
17 verbose parsed url   hash: null,
17 verbose parsed url   search: null,
17 verbose parsed url   query: null,
17 verbose parsed url   pathname: 'jasmine-core@^2.3.4',
17 verbose parsed url   path: 'jasmine-core@^2.3.4',
17 verbose parsed url   href: 'jasmine-core@^2.3.4' }
18 verbose cache add [ 'karma@~0.12', null ]
19 verbose cache add name=undefined spec="karma@~0.12" args=["karma@~0.12",null]
20 verbose parsed url { protocol: null,
20 verbose parsed url   slashes: null,
20 verbose parsed url   auth: null,
20 verbose parsed url   host: null,
20 verbose parsed url   port: null,
20 verbose parsed url   hostname: null,
20 verbose parsed url   hash: null,
20 verbose parsed url   search: null,
20 verbose parsed url   query: null,
20 verbose parsed url   pathname: 'karma@~0.12',
20 verbose parsed url   path: 'karma@~0.12',
20 verbose parsed url   href: 'karma@~0.12' }
21 verbose cache add name="bower" spec="^1.3.1" args=["bower","^1.3.1"]
22 verbose parsed url { protocol: null,
22 verbose parsed url   slashes: null,
22 verbose parsed url   auth: null,
22 verbose parsed url   host: null,
22 verbose parsed url   port: null,
22 verbose parsed url   hostname: null,
22 verbose parsed url   hash: null,
22 verbose parsed url   search: null,
22 verbose parsed url   query: null,
22 verbose parsed url   pathname: '^1.3.1',
22 verbose parsed url   path: '^1.3.1',
22 verbose parsed url   href: '^1.3.1' }
23 verbose addNamed [ 'bower', '^1.3.1' ]
24 verbose addNamed [ null, '>=1.3.1-0 <2.0.0-0' ]
25 verbose cache add name="http-server" spec="^0.6.1" args=["http-server","^0.6.1"]
26 verbose parsed url { protocol: null,
26 verbose parsed url   slashes: null,
26 verbose parsed url   auth: null,
26 verbose parsed url   host: null,
26 verbose parsed url   port: null,
26 verbose parsed url   hostname: null,
26 verbose parsed url   hash: null,
26 verbose parsed url   search: null,
26 verbose parsed url   query: null,
26 verbose parsed url   pathname: '^0.6.1',
26 verbose parsed url   path: '^0.6.1',
26 verbose parsed url   href: '^0.6.1' }
27 verbose addNamed [ 'http-server', '^0.6.1' ]
28 verbose addNamed [ null, '>=0.6.1-0 <0.7.0-0' ]
29 verbose cache add name="jasmine-core" spec="^2.3.4" args=["jasmine-core","^2.3.4"]
30 verbose parsed url { protocol: null,
30 verbose parsed url   slashes: null,
30 verbose parsed url   auth: null,
30 verbose parsed url   host: null,
30 verbose parsed url   port: null,
30 verbose parsed url   hostname: null,
30 verbose parsed url   hash: null,
30 verbose parsed url   search: null,
30 verbose parsed url   query: null,
30 verbose parsed url   pathname: '^2.3.4',
30 verbose parsed url   path: '^2.3.4',
30 verbose parsed url   href: '^2.3.4' }
31 verbose addNamed [ 'jasmine-core', '^2.3.4' ]
32 verbose addNamed [ null, '>=2.3.4-0 <3.0.0-0' ]
33 verbose cache add [ 'karma-chrome-launcher@^0.1.12', null ]
34 verbose cache add name=undefined spec="karma-chrome-launcher@^0.1.12" args=["karma-chrome-launcher@^0.1.12",null]
35 verbose parsed url { protocol: null,
35 verbose parsed url   slashes: null,
35 verbose parsed url   auth: null,
35 verbose parsed url   host: null,
35 verbose parsed url   port: null,
35 verbose parsed url   hostname: null,
35 verbose parsed url   hash: null,
35 verbose parsed url   search: null,
35 verbose parsed url   query: null,
35 verbose parsed url   pathname: 'karma-chrome-launcher@^0.1.12',
35 verbose parsed url   path: 'karma-chrome-launcher@^0.1.12',
35 verbose parsed url   href: 'karma-chrome-launcher@^0.1.12' }
36 verbose cache add [ 'karma-firefox-launcher@^0.1.6', null ]
37 verbose cache add name=undefined spec="karma-firefox-launcher@^0.1.6" args=["karma-firefox-launcher@^0.1.6",null]
38 verbose parsed url { protocol: null,
38 verbose parsed url   slashes: null,
38 verbose parsed url   auth: null,
38 verbose parsed url   host: null,
38 verbose parsed url   port: null,
38 verbose parsed url   hostname: null,
38 verbose parsed url   hash: null,
38 verbose parsed url   search: null,
38 verbose parsed url   query: null,
38 verbose parsed url   pathname: 'karma-firefox-launcher@^0.1.6',
38 verbose parsed url   path: 'karma-firefox-launcher@^0.1.6',
38 verbose parsed url   href: 'karma-firefox-launcher@^0.1.6' }
39 verbose cache add name="karma" spec="~0.12" args=["karma","~0.12"]
40 verbose parsed url { protocol: null,
40 verbose parsed url   slashes: null,
40 verbose parsed url   auth: null,
40 verbose parsed url   host: null,
40 verbose parsed url   port: null,
40 verbose parsed url   hostname: null,
40 verbose parsed url   hash: null,
40 verbose parsed url   search: null,
40 verbose parsed url   query: null,
40 verbose parsed url   pathname: '~0.12',
40 verbose parsed url   path: '~0.12',
40 verbose parsed url   href: '~0.12' }
41 verbose addNamed [ 'karma', '~0.12' ]
42 verbose addNamed [ null, '>=0.12.0-0 <0.13.0-0' ]
43 silly lockFile 7c83895e-bower-1-3-1 bower@^1.3.1
44 verbose lock bower@^1.3.1 /home/alexg/.npm/7c83895e-bower-1-3-1.lock
45 silly lockFile e7eeaefd-http-server-0-6-1 http-server@^0.6.1
46 verbose lock http-server@^0.6.1 /home/alexg/.npm/e7eeaefd-http-server-0-6-1.lock
47 silly lockFile a159a41e-jasmine-core-2-3-4 jasmine-core@^2.3.4
48 verbose lock jasmine-core@^2.3.4 /home/alexg/.npm/a159a41e-jasmine-core-2-3-4.lock
49 silly lockFile 0424ac46-karma-0-12 karma@~0.12
50 verbose lock karma@~0.12 /home/alexg/.npm/0424ac46-karma-0-12.lock
51 verbose cache add name="karma-chrome-launcher" spec="^0.1.12" args=["karma-chrome-launcher","^0.1.12"]
52 verbose parsed url { protocol: null,
52 verbose parsed url   slashes: null,
52 verbose parsed url   auth: null,
52 verbose parsed url   host: null,
52 verbose parsed url   port: null,
52 verbose parsed url   hostname: null,
52 verbose parsed url   hash: null,
52 verbose parsed url   search: null,
52 verbose parsed url   query: null,
52 verbose parsed url   pathname: '^0.1.12',
52 verbose parsed url   path: '^0.1.12',
52 verbose parsed url   href: '^0.1.12' }
53 verbose addNamed [ 'karma-chrome-launcher', '^0.1.12' ]
54 verbose addNamed [ null, '>=0.1.12-0 <0.2.0-0' ]
55 silly lockFile c327aa21-karma-chrome-launcher-0-1-12 karma-chrome-launcher@^0.1.12
56 verbose lock karma-chrome-launcher@^0.1.12 /home/alexg/.npm/c327aa21-karma-chrome-launcher-0-1-12.lock
57 verbose cache add [ 'karma-jasmine@^0.3.5', null ]
58 verbose cache add name=undefined spec="karma-jasmine@^0.3.5" args=["karma-jasmine@^0.3.5",null]
59 verbose parsed url { protocol: null,
59 verbose parsed url   slashes: null,
59 verbose parsed url   auth: null,
59 verbose parsed url   host: null,
59 verbose parsed url   port: null,
59 verbose parsed url   hostname: null,
59 verbose parsed url   hash: null,
59 verbose parsed url   search: null,
59 verbose parsed url   query: null,
59 verbose parsed url   pathname: 'karma-jasmine@^0.3.5',
59 verbose parsed url   path: 'karma-jasmine@^0.3.5',
59 verbose parsed url   href: 'karma-jasmine@^0.3.5' }
60 verbose cache add [ 'karma-junit-reporter@^0.2.2', null ]
61 verbose cache add name=undefined spec="karma-junit-reporter@^0.2.2" args=["karma-junit-reporter@^0.2.2",null]
62 verbose parsed url { protocol: null,
62 verbose parsed url   slashes: null,
62 verbose parsed url   auth: null,
62 verbose parsed url   host: null,
62 verbose parsed url   port: null,
62 verbose parsed url   hostname: null,
62 verbose parsed url   hash: null,
62 verbose parsed url   search: null,
62 verbose parsed url   query: null,
62 verbose parsed url   pathname: 'karma-junit-reporter@^0.2.2',
62 verbose parsed url   path: 'karma-junit-reporter@^0.2.2',
62 verbose parsed url   href: 'karma-junit-reporter@^0.2.2' }
63 verbose cache add [ 'protractor@^2.1.0', null ]
64 verbose cache add name=undefined spec="protractor@^2.1.0" args=["protractor@^2.1.0",null]
65 verbose parsed url { protocol: null,
65 verbose parsed url   slashes: null,
65 verbose parsed url   auth: null,
65 verbose parsed url   host: null,
65 verbose parsed url   port: null,
65 verbose parsed url   hostname: null,
65 verbose parsed url   hash: null,
65 verbose parsed url   search: null,
65 verbose parsed url   query: null,
65 verbose parsed url   pathname: 'protractor@^2.1.0',
65 verbose parsed url   path: 'protractor@^2.1.0',
65 verbose parsed url   href: 'protractor@^2.1.0' }
66 verbose cache add name="karma-firefox-launcher" spec="^0.1.6" args=["karma-firefox-launcher","^0.1.6"]
67 verbose parsed url { protocol: null,
67 verbose parsed url   slashes: null,
67 verbose parsed url   auth: null,
67 verbose parsed url   host: null,
67 verbose parsed url   port: null,
67 verbose parsed url   hostname: null,
67 verbose parsed url   hash: null,
67 verbose parsed url   search: null,
67 verbose parsed url   query: null,
67 verbose parsed url   pathname: '^0.1.6',
67 verbose parsed url   path: '^0.1.6',
67 verbose parsed url   href: '^0.1.6' }
68 verbose addNamed [ 'karma-firefox-launcher', '^0.1.6' ]
69 verbose addNamed [ null, '>=0.1.6-0 <0.2.0-0' ]
70 silly lockFile 9f4d8121-karma-firefox-launcher-0-1-6 karma-firefox-launcher@^0.1.6
71 verbose lock karma-firefox-launcher@^0.1.6 /home/alexg/.npm/9f4d8121-karma-firefox-launcher-0-1-6.lock
72 verbose cache add name="karma-jasmine" spec="^0.3.5" args=["karma-jasmine","^0.3.5"]
73 verbose parsed url { protocol: null,
73 verbose parsed url   slashes: null,
73 verbose parsed url   auth: null,
73 verbose parsed url   host: null,
73 verbose parsed url   port: null,
73 verbose parsed url   hostname: null,
73 verbose parsed url   hash: null,
73 verbose parsed url   search: null,
73 verbose parsed url   query: null,
73 verbose parsed url   pathname: '^0.3.5',
73 verbose parsed url   path: '^0.3.5',
73 verbose parsed url   href: '^0.3.5' }
74 verbose addNamed [ 'karma-jasmine', '^0.3.5' ]
75 verbose addNamed [ null, '>=0.3.5-0 <0.4.0-0' ]
76 silly lockFile b0acc008-karma-jasmine-0-3-5 karma-jasmine@^0.3.5
77 verbose lock karma-jasmine@^0.3.5 /home/alexg/.npm/b0acc008-karma-jasmine-0-3-5.lock
78 verbose cache add name="karma-junit-reporter" spec="^0.2.2" args=["karma-junit-reporter","^0.2.2"]
79 verbose parsed url { protocol: null,
79 verbose parsed url   slashes: null,
79 verbose parsed url   auth: null,
79 verbose parsed url   host: null,
79 verbose parsed url   port: null,
79 verbose parsed url   hostname: null,
79 verbose parsed url   hash: null,
79 verbose parsed url   search: null,
79 verbose parsed url   query: null,
79 verbose parsed url   pathname: '^0.2.2',
79 verbose parsed url   path: '^0.2.2',
79 verbose parsed url   href: '^0.2.2' }
80 verbose addNamed [ 'karma-junit-reporter', '^0.2.2' ]
81 verbose addNamed [ null, '>=0.2.2-0 <0.3.0-0' ]
82 silly lockFile 6934e75d-karma-junit-reporter-0-2-2 karma-junit-reporter@^0.2.2
83 verbose lock karma-junit-reporter@^0.2.2 /home/alexg/.npm/6934e75d-karma-junit-reporter-0-2-2.lock
84 verbose cache add name="protractor" spec="^2.1.0" args=["protractor","^2.1.0"]
85 verbose parsed url { protocol: null,
85 verbose parsed url   slashes: null,
85 verbose parsed url   auth: null,
85 verbose parsed url   host: null,
85 verbose parsed url   port: null,
85 verbose parsed url   hostname: null,
85 verbose parsed url   hash: null,
85 verbose parsed url   search: null,
85 verbose parsed url   query: null,
85 verbose parsed url   pathname: '^2.1.0',
85 verbose parsed url   path: '^2.1.0',
85 verbose parsed url   href: '^2.1.0' }
86 verbose addNamed [ 'protractor', '^2.1.0' ]
87 verbose addNamed [ null, '>=2.1.0-0 <3.0.0-0' ]
88 silly lockFile 1d3f6f46-protractor-2-1-0 protractor@^2.1.0
89 verbose lock protractor@^2.1.0 /home/alexg/.npm/1d3f6f46-protractor-2-1-0.lock
90 verbose cache add [ 'shelljs@^0.2.6', null ]
91 verbose cache add name=undefined spec="shelljs@^0.2.6" args=["shelljs@^0.2.6",null]
92 verbose parsed url { protocol: null,
92 verbose parsed url   slashes: null,
92 verbose parsed url   auth: null,
92 verbose parsed url   host: null,
92 verbose parsed url   port: null,
92 verbose parsed url   hostname: null,
92 verbose parsed url   hash: null,
92 verbose parsed url   search: null,
92 verbose parsed url   query: null,
92 verbose parsed url   pathname: 'shelljs@^0.2.6',
92 verbose parsed url   path: 'shelljs@^0.2.6',
92 verbose parsed url   href: 'shelljs@^0.2.6' }
93 silly addNameRange { name: 'http-server',
93 silly addNameRange   range: '>=0.6.1-0 <0.7.0-0',
93 silly addNameRange   hasData: false }
94 silly addNameRange { name: 'bower', range: '>=1.3.1-0 <2.0.0-0', hasData: false }
95 silly addNameRange { name: 'jasmine-core',
95 silly addNameRange   range: '>=2.3.4-0 <3.0.0-0',
95 silly addNameRange   hasData: false }
96 silly addNameRange { name: 'karma', range: '>=0.12.0-0 <0.13.0-0', hasData: false }
97 silly addNameRange { name: 'karma-chrome-launcher',
97 silly addNameRange   range: '>=0.1.12-0 <0.2.0-0',
97 silly addNameRange   hasData: false }
98 verbose cache add name="shelljs" spec="^0.2.6" args=["shelljs","^0.2.6"]
99 verbose parsed url { protocol: null,
99 verbose parsed url   slashes: null,
99 verbose parsed url   auth: null,
99 verbose parsed url   host: null,
99 verbose parsed url   port: null,
99 verbose parsed url   hostname: null,
99 verbose parsed url   hash: null,
99 verbose parsed url   search: null,
99 verbose parsed url   query: null,
99 verbose parsed url   pathname: '^0.2.6',
99 verbose parsed url   path: '^0.2.6',
99 verbose parsed url   href: '^0.2.6' }
100 verbose addNamed [ 'shelljs', '^0.2.6' ]
101 verbose addNamed [ null, '>=0.2.6-0 <0.3.0-0' ]
102 silly lockFile cdaabbbd-shelljs-0-2-6 shelljs@^0.2.6
103 verbose lock shelljs@^0.2.6 /home/alexg/.npm/cdaabbbd-shelljs-0-2-6.lock
104 silly addNameRange { name: 'karma-firefox-launcher',
104 silly addNameRange   range: '>=0.1.6-0 <0.2.0-0',
104 silly addNameRange   hasData: false }
105 silly addNameRange { name: 'karma-jasmine',
105 silly addNameRange   range: '>=0.3.5-0 <0.4.0-0',
105 silly addNameRange   hasData: false }
106 silly addNameRange { name: 'karma-junit-reporter',
106 silly addNameRange   range: '>=0.2.2-0 <0.3.0-0',
106 silly addNameRange   hasData: false }
107 silly addNameRange { name: 'protractor',
107 silly addNameRange   range: '>=2.1.0-0 <3.0.0-0',
107 silly addNameRange   hasData: false }
108 silly addNameRange { name: 'shelljs', range: '>=0.2.6-0 <0.3.0-0', hasData: false }
109 verbose request where is /http-server
110 verbose request registry https://registry.npmjs.org/
111 verbose request id 732783dbff3ddb3d
112 verbose url raw /http-server
113 verbose url resolving [ 'https://registry.npmjs.org/', './http-server' ]
114 verbose url resolved https://registry.npmjs.org/http-server
115 verbose request where is https://registry.npmjs.org/http-server
116 info trying registry request attempt 1 at 21:27:47
117 verbose etag "3XNKCDJZK1PPHLM4Q226O52BN"
118 http GET https://registry.npmjs.org/http-server
119 verbose request where is /jasmine-core
120 verbose request registry https://registry.npmjs.org/
121 verbose url raw /jasmine-core
122 verbose url resolving [ 'https://registry.npmjs.org/', './jasmine-core' ]
123 verbose url resolved https://registry.npmjs.org/jasmine-core
124 verbose request where is https://registry.npmjs.org/jasmine-core
125 info trying registry request attempt 1 at 21:27:47
126 verbose etag "BOWYZ4DOJWECYKV7JG6WOSNP0"
127 http GET https://registry.npmjs.org/jasmine-core
128 verbose request where is /bower
129 verbose request registry https://registry.npmjs.org/
130 verbose url raw /bower
131 verbose url resolving [ 'https://registry.npmjs.org/', './bower' ]
132 verbose url resolved https://registry.npmjs.org/bower
133 verbose request where is https://registry.npmjs.org/bower
134 info trying registry request attempt 1 at 21:27:47
135 verbose etag "9HRYO8VFJFIXAO47KE43FACXA"
136 http GET https://registry.npmjs.org/bower
137 verbose request where is /karma-chrome-launcher
138 verbose request registry https://registry.npmjs.org/
139 verbose url raw /karma-chrome-launcher
140 verbose url resolving [ 'https://registry.npmjs.org/', './karma-chrome-launcher' ]
141 verbose url resolved https://registry.npmjs.org/karma-chrome-launcher
142 verbose request where is https://registry.npmjs.org/karma-chrome-launcher
143 info trying registry request attempt 1 at 21:27:47
144 verbose etag "AB6DAVF46PUPNUJCW5RX7BKQ1"
145 http GET https://registry.npmjs.org/karma-chrome-launcher
146 verbose request where is /karma-firefox-launcher
147 verbose request registry https://registry.npmjs.org/
148 verbose url raw /karma-firefox-launcher
149 verbose url resolving [ 'https://registry.npmjs.org/', './karma-firefox-launcher' ]
150 verbose url resolved https://registry.npmjs.org/karma-firefox-launcher
151 verbose request where is https://registry.npmjs.org/karma-firefox-launcher
152 info trying registry request attempt 1 at 21:27:47
153 verbose etag "3MMZLKHQEIWIA2YJRAX32ZK8S"
154 http GET https://registry.npmjs.org/karma-firefox-launcher
155 verbose request where is /karma-jasmine
156 verbose request registry https://registry.npmjs.org/
157 verbose url raw /karma-jasmine
158 verbose url resolving [ 'https://registry.npmjs.org/', './karma-jasmine' ]
159 verbose url resolved https://registry.npmjs.org/karma-jasmine
160 verbose request where is https://registry.npmjs.org/karma-jasmine
161 info trying registry request attempt 1 at 21:27:47
162 verbose etag "N3U0Y5TZ8EAAGMTKGI6QJ5OY"
163 http GET https://registry.npmjs.org/karma-jasmine
164 verbose request where is /karma-junit-reporter
165 verbose request registry https://registry.npmjs.org/
166 verbose url raw /karma-junit-reporter
167 verbose url resolving [ 'https://registry.npmjs.org/', './karma-junit-reporter' ]
168 verbose url resolved https://registry.npmjs.org/karma-junit-reporter
169 verbose request where is https://registry.npmjs.org/karma-junit-reporter
170 info trying registry request attempt 1 at 21:27:47
171 verbose etag "EXHL9DWPHW3PU2UJ7K19ZTB4H"
172 http GET https://registry.npmjs.org/karma-junit-reporter
173 verbose request where is /protractor
174 verbose request registry https://registry.npmjs.org/
175 verbose url raw /protractor
176 verbose url resolving [ 'https://registry.npmjs.org/', './protractor' ]
177 verbose url resolved https://registry.npmjs.org/protractor
178 verbose request where is https://registry.npmjs.org/protractor
179 info trying registry request attempt 1 at 21:27:47
180 verbose etag "RQ41B1O4XFJ5D2MQ1BPHWV3B"
181 http GET https://registry.npmjs.org/protractor
182 verbose request where is /karma
183 verbose request registry https://registry.npmjs.org/
184 verbose url raw /karma
185 verbose url resolving [ 'https://registry.npmjs.org/', './karma' ]
186 verbose url resolved https://registry.npmjs.org/karma
187 verbose request where is https://registry.npmjs.org/karma
188 info trying registry request attempt 1 at 21:27:47
189 verbose etag "BCSL3YWFF03Z5VYKMYEAQQ4C3"
190 http GET https://registry.npmjs.org/karma
191 verbose request where is /shelljs
192 verbose request registry https://registry.npmjs.org/
193 verbose url raw /shelljs
194 verbose url resolving [ 'https://registry.npmjs.org/', './shelljs' ]
195 verbose url resolved https://registry.npmjs.org/shelljs
196 verbose request where is https://registry.npmjs.org/shelljs
197 info trying registry request attempt 1 at 21:27:47
198 verbose etag "19BMRNSQKT3VBWIQKMVRB51XV"
199 http GET https://registry.npmjs.org/shelljs
200 http 304 https://registry.npmjs.org/bower
201 silly registry.get cb [ 304,
201 silly registry.get   { date: 'Thu, 08 Oct 2015 01:27:48 GMT',
201 silly registry.get     via: '1.1 varnish',
201 silly registry.get     'cache-control': 'max-age=60',
201 silly registry.get     etag: '"9HRYO8VFJFIXAO47KE43FACXA"',
201 silly registry.get     age: '56',
201 silly registry.get     connection: 'keep-alive',
201 silly registry.get     'x-served-by': 'cache-jfk1028-JFK',
201 silly registry.get     'x-cache': 'HIT',
201 silly registry.get     'x-cache-hits': '126',
201 silly registry.get     'x-timer': 'S1444267668.257257,VS0,VE0',
201 silly registry.get     vary: 'Accept' } ]
202 verbose etag https://registry.npmjs.org/bower from cache
203 silly addNameRange number 2 { name: 'bower', range: '>=1.3.1-0 <2.0.0-0', hasData: true }
204 silly addNameRange versions [ 'bower',
204 silly addNameRange   [ '0.1.0',
204 silly addNameRange     '0.1.2',
204 silly addNameRange     '0.1.3',
204 silly addNameRange     '0.2.0',
204 silly addNameRange     '0.3.0',
204 silly addNameRange     '0.3.1',
204 silly addNameRange     '0.3.2',
204 silly addNameRange     '0.4.0',
204 silly addNameRange     '0.5.0',
204 silly addNameRange     '0.5.1',
204 silly addNameRange     '0.6.0',
204 silly addNameRange     '0.6.1',
204 silly addNameRange     '0.6.2',
204 silly addNameRange     '0.6.3',
204 silly addNameRange     '0.6.4',
204 silly addNameRange     '0.6.5',
204 silly addNameRange     '0.6.6',
204 silly addNameRange     '0.6.7',
204 silly addNameRange     '0.6.8',
204 silly addNameRange     '0.7.0',
204 silly addNameRange     '0.7.1',
204 silly addNameRange     '0.8.0',
204 silly addNameRange     '0.8.1',
204 silly addNameRange     '0.8.2',
204 silly addNameRange     '0.8.3',
204 silly addNameRange     '0.8.4',
204 silly addNameRange     '0.8.5',
204 silly addNameRange     '0.8.6',
204 silly addNameRange     '0.9.0',
204 silly addNameRange     '0.9.1',
204 silly addNameRange     '0.9.2',
204 silly addNameRange     '0.10.0',
204 silly addNameRange     '1.0.0',
204 silly addNameRange     '1.0.1',
204 silly addNameRange     '1.0.2',
204 silly addNameRange     '1.0.3',
204 silly addNameRange     '1.1.0',
204 silly addNameRange     '1.1.1',
204 silly addNameRange     '1.1.2',
204 silly addNameRange     '1.2.0',
204 silly addNameRange     '1.2.1',
204 silly addNameRange     '1.2.2',
204 silly addNameRange     '1.2.3',
204 silly addNameRange     '1.2.4',
204 silly addNameRange     '1.2.5',
204 silly addNameRange     '1.2.6',
204 silly addNameRange     '1.2.7',
204 silly addNameRange     '1.2.8',
204 silly addNameRange     '1.3.0',
204 silly addNameRange     '1.3.1',
204 silly addNameRange     '1.3.2',
204 silly addNameRange     '1.3.3',
204 silly addNameRange     '1.3.4',
204 silly addNameRange     '1.3.5',
204 silly addNameRange     '1.3.6',
204 silly addNameRange     '1.3.7',
204 silly addNameRange     '1.3.8',
204 silly addNameRange     '1.3.9',
204 silly addNameRange     '1.3.10',
204 silly addNameRange     '1.3.11',
204 silly addNameRange     '1.3.12',
204 silly addNameRange     '1.4.0',
204 silly addNameRange     '1.4.1',
204 silly addNameRange     '1.5.0',
204 silly addNameRange     '1.5.1',
204 silly addNameRange     '1.5.2',
204 silly addNameRange     '1.5.3' ] ]
205 verbose addNamed [ 'bower', '1.5.3' ]
206 verbose addNamed [ '1.5.3', '1.5.3' ]
207 silly lockFile a87c38db-bower-1-5-3 bower@1.5.3
208 verbose lock bower@1.5.3 /home/alexg/.npm/a87c38db-bower-1-5-3.lock
209 http 304 https://registry.npmjs.org/karma-chrome-launcher
210 silly registry.get cb [ 304,
210 silly registry.get   { date: 'Thu, 08 Oct 2015 01:27:48 GMT',
210 silly registry.get     via: '1.1 varnish',
210 silly registry.get     'cache-control': 'max-age=60',
210 silly registry.get     etag: '"AB6DAVF46PUPNUJCW5RX7BKQ1"',
210 silly registry.get     age: '30',
210 silly registry.get     connection: 'keep-alive',
210 silly registry.get     'x-served-by': 'cache-jfk1032-JFK',
210 silly registry.get     'x-cache': 'HIT',
210 silly registry.get     'x-cache-hits': '2',
210 silly registry.get     'x-timer': 'S1444267668.272900,VS0,VE0',
210 silly registry.get     vary: 'Accept' } ]
211 verbose etag https://registry.npmjs.org/karma-chrome-launcher from cache
212 http 304 https://registry.npmjs.org/karma-jasmine
213 silly registry.get cb [ 304,
213 silly registry.get   { date: 'Thu, 08 Oct 2015 01:27:48 GMT',
213 silly registry.get     via: '1.1 varnish',
213 silly registry.get     'cache-control': 'max-age=60',
213 silly registry.get     etag: '"N3U0Y5TZ8EAAGMTKGI6QJ5OY"',
213 silly registry.get     age: '30',
213 silly registry.get     connection: 'keep-alive',
213 silly registry.get     'x-served-by': 'cache-jfk1028-JFK',
213 silly registry.get     'x-cache': 'HIT',
213 silly registry.get     'x-cache-hits': '3',
213 silly registry.get     'x-timer': 'S1444267668.274797,VS0,VE0',
213 silly registry.get     vary: 'Accept' } ]
214 verbose etag https://registry.npmjs.org/karma-jasmine from cache
215 http 304 https://registry.npmjs.org/http-server
216 silly registry.get cb [ 304,
216 silly registry.get   { date: 'Thu, 08 Oct 2015 01:27:48 GMT',
216 silly registry.get     via: '1.1 varnish',
216 silly registry.get     'cache-control': 'max-age=60',
216 silly registry.get     etag: '"3XNKCDJZK1PPHLM4Q226O52BN"',
216 silly registry.get     age: '30',
216 silly registry.get     connection: 'keep-alive',
216 silly registry.get     'x-served-by': 'cache-jfk1035-JFK',
216 silly registry.get     'x-cache': 'HIT',
216 silly registry.get     'x-cache-hits': '1',
216 silly registry.get     'x-timer': 'S1444267668.274796,VS0,VE0',
216 silly registry.get     vary: 'Accept' } ]
217 verbose etag https://registry.npmjs.org/http-server from cache
218 http 304 https://registry.npmjs.org/karma-firefox-launcher
219 silly registry.get cb [ 304,
219 silly registry.get   { date: 'Thu, 08 Oct 2015 01:27:48 GMT',
219 silly registry.get     via: '1.1 varnish',
219 silly registry.get     'cache-control': 'max-age=60',
219 silly registry.get     etag: '"3MMZLKHQEIWIA2YJRAX32ZK8S"',
219 silly registry.get     age: '30',
219 silly registry.get     connection: 'keep-alive',
219 silly registry.get     'x-served-by': 'cache-jfk1027-JFK',
219 silly registry.get     'x-cache': 'HIT',
219 silly registry.get     'x-cache-hits': '1',
219 silly registry.get     'x-timer': 'S1444267668.274159,VS0,VE0',
219 silly registry.get     vary: 'Accept' } ]
220 verbose etag https://registry.npmjs.org/karma-firefox-launcher from cache
221 silly lockFile 3a55fcca--npmjs-org-bower-bower-1-5-3-tgz https://registry.npmjs.org/bower/-/bower-1.5.3.tgz
222 verbose lock https://registry.npmjs.org/bower/-/bower-1.5.3.tgz /home/alexg/.npm/3a55fcca--npmjs-org-bower-bower-1-5-3-tgz.lock
223 http 304 https://registry.npmjs.org/karma-junit-reporter
224 silly registry.get cb [ 304,
224 silly registry.get   { date: 'Thu, 08 Oct 2015 01:27:48 GMT',
224 silly registry.get     via: '1.1 varnish',
224 silly registry.get     'cache-control': 'max-age=60',
224 silly registry.get     etag: '"EXHL9DWPHW3PU2UJ7K19ZTB4H"',
224 silly registry.get     age: '30',
224 silly registry.get     connection: 'keep-alive',
224 silly registry.get     'x-served-by': 'cache-jfk1032-JFK',
224 silly registry.get     'x-cache': 'HIT',
224 silly registry.get     'x-cache-hits': '1',
224 silly registry.get     'x-timer': 'S1444267668.289008,VS0,VE0',
224 silly registry.get     vary: 'Accept' } ]
225 verbose etag https://registry.npmjs.org/karma-junit-reporter from cache
226 verbose addRemoteTarball [ 'https://registry.npmjs.org/bower/-/bower-1.5.3.tgz',
226 verbose addRemoteTarball   'ee5d7952e114e30b18795e20e9fefcc5b4cf963d' ]
227 http 304 https://registry.npmjs.org/shelljs
228 silly registry.get cb [ 304,
228 silly registry.get   { date: 'Thu, 08 Oct 2015 01:27:48 GMT',
228 silly registry.get     via: '1.1 varnish',
228 silly registry.get     'cache-control': 'max-age=60',
228 silly registry.get     etag: '"19BMRNSQKT3VBWIQKMVRB51XV"',
228 silly registry.get     age: '17',
228 silly registry.get     connection: 'keep-alive',
228 silly registry.get     'x-served-by': 'cache-jfk1027-JFK',
228 silly registry.get     'x-cache': 'HIT',
228 silly registry.get     'x-cache-hits': '1',
228 silly registry.get     'x-timer': 'S1444267668.292704,VS0,VE1',
228 silly registry.get     vary: 'Accept' } ]
229 verbose etag https://registry.npmjs.org/shelljs from cache
230 silly addNameRange number 2 { name: 'karma-chrome-launcher',
230 silly addNameRange   range: '>=0.1.12-0 <0.2.0-0',
230 silly addNameRange   hasData: true }
231 silly addNameRange versions [ 'karma-chrome-launcher',
231 silly addNameRange   [ '0.0.1',
231 silly addNameRange     '0.0.2',
231 silly addNameRange     '0.1.0',
231 silly addNameRange     '0.1.1',
231 silly addNameRange     '0.1.2',
231 silly addNameRange     '0.1.3',
231 silly addNameRange     '0.1.4',
231 silly addNameRange     '0.1.5',
231 silly addNameRange     '0.1.6',
231 silly addNameRange     '0.1.7',
231 silly addNameRange     '0.1.8',
231 silly addNameRange     '0.1.9',
231 silly addNameRange     '0.1.10',
231 silly addNameRange     '0.1.11',
231 silly addNameRange     '0.1.12',
231 silly addNameRange     '0.2.0',
231 silly addNameRange     '0.2.1' ] ]
232 verbose addNamed [ 'karma-chrome-launcher', '0.1.12' ]
233 verbose addNamed [ '0.1.12', '0.1.12' ]
234 silly lockFile f5f807cc-karma-chrome-launcher-0-1-12 karma-chrome-launcher@0.1.12
235 verbose lock karma-chrome-launcher@0.1.12 /home/alexg/.npm/f5f807cc-karma-chrome-launcher-0-1-12.lock
236 silly addNameRange number 2 { name: 'karma-jasmine',
236 silly addNameRange   range: '>=0.3.5-0 <0.4.0-0',
236 silly addNameRange   hasData: true }
237 silly addNameRange versions [ 'karma-jasmine',
237 silly addNameRange   [ '0.0.1',
237 silly addNameRange     '0.0.2',
237 silly addNameRange     '0.0.3',
237 silly addNameRange     '0.1.0',
237 silly addNameRange     '0.1.1',
237 silly addNameRange     '0.1.2',
237 silly addNameRange     '0.1.3',
237 silly addNameRange     '0.1.4',
237 silly addNameRange     '0.1.5',
237 silly addNameRange     '0.2.0',
237 silly addNameRange     '0.2.1',
237 silly addNameRange     '0.2.2',
237 silly addNameRange     '0.2.3',
237 silly addNameRange     '0.3.0',
237 silly addNameRange     '0.3.1',
237 silly addNameRange     '0.3.2',
237 silly addNameRange     '0.3.3',
237 silly addNameRange     '0.3.4',
237 silly addNameRange     '0.3.5',
237 silly addNameRange     '0.3.6',
237 silly addNameRange     '0.1.6' ] ]
238 verbose addNamed [ 'karma-jasmine', '0.3.6' ]
239 verbose addNamed [ '0.3.6', '0.3.6' ]
240 silly lockFile 2fa33a7d-karma-jasmine-0-3-6 karma-jasmine@0.3.6
241 verbose lock karma-jasmine@0.3.6 /home/alexg/.npm/2fa33a7d-karma-jasmine-0-3-6.lock
242 http 304 https://registry.npmjs.org/karma
243 silly registry.get cb [ 304,
243 silly registry.get   { date: 'Thu, 08 Oct 2015 01:27:48 GMT',
243 silly registry.get     via: '1.1 varnish',
243 silly registry.get     'cache-control': 'max-age=60',
243 silly registry.get     etag: '"BCSL3YWFF03Z5VYKMYEAQQ4C3"',
243 silly registry.get     age: '30',
243 silly registry.get     connection: 'keep-alive',
243 silly registry.get     'x-served-by': 'cache-jfk1035-JFK',
243 silly registry.get     'x-cache': 'HIT',
243 silly registry.get     'x-cache-hits': '1',
243 silly registry.get     'x-timer': 'S1444267668.292783,VS0,VE6',
243 silly registry.get     vary: 'Accept' } ]
244 verbose etag https://registry.npmjs.org/karma from cache
245 silly addNameRange number 2 { name: 'http-server',
245 silly addNameRange   range: '>=0.6.1-0 <0.7.0-0',
245 silly addNameRange   hasData: true }
246 silly addNameRange versions [ 'http-server',
246 silly addNameRange   [ '0.1.0',
246 silly addNameRange     '0.1.1',
246 silly addNameRange     '0.1.3',
246 silly addNameRange     '0.2.1',
246 silly addNameRange     '0.2.2',
246 silly addNameRange     '0.2.3',
246 silly addNameRange     '0.2.4',
246 silly addNameRange     '0.2.5',
246 silly addNameRange     '0.2.6',
246 silly addNameRange     '0.2.9',
246 silly addNameRange     '0.3.0',
246 silly addNameRange     '0.4.0',
246 silly addNameRange     '0.4.1',
246 silly addNameRange     '0.5.0',
246 silly addNameRange     '0.5.1',
246 silly addNameRange     '0.5.2',
246 silly addNameRange     '0.5.3',
246 silly addNameRange     '0.5.5',
246 silly addNameRange     '0.6.0',
246 silly addNameRange     '0.6.1',
246 silly addNameRange     '0.7.0',
246 silly addNameRange     '0.7.1',
246 silly addNameRange     '0.7.2',
246 silly addNameRange     '0.7.3',
246 silly addNameRange     '0.7.4',
246 silly addNameRange     '0.7.5',
246 silly addNameRange     '0.8.0',
246 silly addNameRange     '0.8.1',
246 silly addNameRange     '0.8.2',
246 silly addNameRange     '0.8.3',
246 silly addNameRange     '0.8.4',
246 silly addNameRange     '0.8.5' ] ]
247 verbose addNamed [ 'http-server', '0.6.1' ]
248 verbose addNamed [ '0.6.1', '0.6.1' ]
249 silly lockFile 1e2b2518-http-server-0-6-1 http-server@0.6.1
250 verbose lock http-server@0.6.1 /home/alexg/.npm/1e2b2518-http-server-0-6-1.lock
251 silly addNameRange number 2 { name: 'karma-firefox-launcher',
251 silly addNameRange   range: '>=0.1.6-0 <0.2.0-0',
251 silly addNameRange   hasData: true }
252 silly addNameRange versions [ 'karma-firefox-launcher',
252 silly addNameRange   [ '0.0.1',
252 silly addNameRange     '0.0.2',
252 silly addNameRange     '0.0.3',
252 silly addNameRange     '0.1.0',
252 silly addNameRange     '0.1.1',
252 silly addNameRange     '0.1.2',
252 silly addNameRange     '0.1.3',
252 silly addNameRange     '0.1.4',
252 silly addNameRange     '0.1.5',
252 silly addNameRange     '0.1.6' ] ]
253 verbose addNamed [ 'karma-firefox-launcher', '0.1.6' ]
254 verbose addNamed [ '0.1.6', '0.1.6' ]
255 silly lockFile 38b37ef9-karma-firefox-launcher-0-1-6 karma-firefox-launcher@0.1.6
256 verbose lock karma-firefox-launcher@0.1.6 /home/alexg/.npm/38b37ef9-karma-firefox-launcher-0-1-6.lock
257 silly addNameRange number 2 { name: 'karma-junit-reporter',
257 silly addNameRange   range: '>=0.2.2-0 <0.3.0-0',
257 silly addNameRange   hasData: true }
258 silly addNameRange versions [ 'karma-junit-reporter',
258 silly addNameRange   [ '0.0.1',
258 silly addNameRange     '0.0.2',
258 silly addNameRange     '0.1.0',
258 silly addNameRange     '0.2.1',
258 silly addNameRange     '0.2.2',
258 silly addNameRange     '0.3.0',
258 silly addNameRange     '0.3.1',
258 silly addNameRange     '0.3.2',
258 silly addNameRange     '0.3.3',
258 silly addNameRange     '0.3.4',
258 silly addNameRange     '0.3.5',
258 silly addNameRange     '0.3.6',
258 silly addNameRange     '0.3.7' ] ]
259 verbose addNamed [ 'karma-junit-reporter', '0.2.2' ]
260 verbose addNamed [ '0.2.2', '0.2.2' ]
261 silly lockFile 9c865114-karma-junit-reporter-0-2-2 karma-junit-reporter@0.2.2
262 verbose lock karma-junit-reporter@0.2.2 /home/alexg/.npm/9c865114-karma-junit-reporter-0-2-2.lock
263 http 304 https://registry.npmjs.org/jasmine-core
264 silly registry.get cb [ 304,
264 silly registry.get   { date: 'Thu, 08 Oct 2015 01:27:48 GMT',
264 silly registry.get     via: '1.1 varnish',
264 silly registry.get     'cache-control': 'max-age=60',
264 silly registry.get     etag: '"BOWYZ4DOJWECYKV7JG6WOSNP0"',
264 silly registry.get     age: '0',
264 silly registry.get     connection: 'keep-alive',
264 silly registry.get     'x-served-by': 'cache-jfk1026-JFK',
264 silly registry.get     'x-cache': 'HIT',
264 silly registry.get     'x-cache-hits': '1',
264 silly registry.get     'x-timer': 'S1444267668.250635,VS0,VE86',
264 silly registry.get     vary: 'Accept' } ]
265 verbose etag https://registry.npmjs.org/jasmine-core from cache
266 info retry fetch attempt 1 at 21:27:47
267 verbose fetch to= /tmp/npm-29505-NK8C2oWn/registry.npmjs.org/bower/-/bower-1.5.3.tgz
268 silly addNameRange number 2 { name: 'shelljs', range: '>=0.2.6-0 <0.3.0-0', hasData: true }
269 silly addNameRange versions [ 'shelljs',
269 silly addNameRange   [ '0.0.1',
269 silly addNameRange     '0.0.2',
269 silly addNameRange     '0.0.3',
269 silly addNameRange     '0.0.4',
269 silly addNameRange     '0.0.5',
269 silly addNameRange     '0.0.6',
269 silly addNameRange     '0.0.7',
269 silly addNameRange     '0.0.8',
269 silly addNameRange     '0.0.9',
269 silly addNameRange     '0.1.0',
269 silly addNameRange     '0.1.1',
269 silly addNameRange     '0.1.2',
269 silly addNameRange     '0.1.3',
269 silly addNameRange     '0.1.4',
269 silly addNameRange     '0.2.0',
269 silly addNameRange     '0.2.1',
269 silly addNameRange     '0.2.2',
269 silly addNameRange     '0.2.3',
269 silly addNameRange     '0.2.4',
269 silly addNameRange     '0.2.5',
269 silly addNameRange     '0.2.6',
269 silly addNameRange     '0.3.0',
269 silly addNameRange     '0.4.0',
269 silly addNameRange     '0.5.0',
269 silly addNameRange     '0.5.1',
269 silly addNameRange     '0.5.2',
269 silly addNameRange     '0.5.3',
269 silly addNameRange     '0.0.1-alpha1',
269 silly addNameRange     '0.0.2-pre1',
269 silly addNameRange     '0.0.4-pre1',
269 silly addNameRange     '0.0.5-pre1',
269 silly addNameRange     '0.0.5-pre2',
269 silly addNameRange     '0.0.5-pre3',
269 silly addNameRange     '0.0.5-pre4',
269 silly addNameRange     '0.0.6-pre1',
269 silly addNameRange     '0.0.6-pre2' ] ]
270 verbose addNamed [ 'shelljs', '0.2.6' ]
271 verbose addNamed [ '0.2.6', '0.2.6' ]
272 silly lockFile 542b9617-shelljs-0-2-6 shelljs@0.2.6
273 verbose lock shelljs@0.2.6 /home/alexg/.npm/542b9617-shelljs-0-2-6.lock
274 http GET https://registry.npmjs.org/bower/-/bower-1.5.3.tgz
275 silly lockFile f5f807cc-karma-chrome-launcher-0-1-12 karma-chrome-launcher@0.1.12
276 silly lockFile f5f807cc-karma-chrome-launcher-0-1-12 karma-chrome-launcher@0.1.12
277 silly lockFile 2fa33a7d-karma-jasmine-0-3-6 karma-jasmine@0.3.6
278 silly lockFile 2fa33a7d-karma-jasmine-0-3-6 karma-jasmine@0.3.6
279 silly lockFile c327aa21-karma-chrome-launcher-0-1-12 karma-chrome-launcher@^0.1.12
280 silly lockFile c327aa21-karma-chrome-launcher-0-1-12 karma-chrome-launcher@^0.1.12
281 silly lockFile 38b37ef9-karma-firefox-launcher-0-1-6 karma-firefox-launcher@0.1.6
282 silly lockFile 38b37ef9-karma-firefox-launcher-0-1-6 karma-firefox-launcher@0.1.6
283 silly lockFile 1e2b2518-http-server-0-6-1 http-server@0.6.1
284 silly lockFile 1e2b2518-http-server-0-6-1 http-server@0.6.1
285 silly lockFile b0acc008-karma-jasmine-0-3-5 karma-jasmine@^0.3.5
286 silly lockFile b0acc008-karma-jasmine-0-3-5 karma-jasmine@^0.3.5
287 silly addNameRange number 2 { name: 'karma', range: '>=0.12.0-0 <0.13.0-0', hasData: true }
288 silly addNameRange versions [ 'karma',
288 silly addNameRange   [ '0.8.0',
288 silly addNameRange     '0.9.0-dart',
288 silly addNameRange     '0.8.1',
288 silly addNameRange     '0.8.2',
288 silly addNameRange     '0.8.3',
288 silly addNameRange     '0.9.0',
288 silly addNameRange     '0.8.4',
288 silly addNameRange     '0.9.1',
288 silly addNameRange     '0.8.5',
288 silly addNameRange     '0.9.2',
288 silly addNameRange     '0.9.2-dart',
288 silly addNameRange     '0.9.3',
288 silly addNameRange     '0.8.6',
288 silly addNameRange     '0.9.4',
288 silly addNameRange     '0.8.7',
288 silly addNameRange     '0.9.5',
288 silly addNameRange     '0.9.6',
288 silly addNameRange     '0.8.8',
288 silly addNameRange     '0.9.7',
288 silly addNameRange     '0.9.8',
288 silly addNameRange     '0.10.0',
288 silly addNameRange     '0.10.1',
288 silly addNameRange     '0.10.2',
288 silly addNameRange     '0.11.0',
288 silly addNameRange     '0.11.1',
288 silly addNameRange     '0.10.3',
288 silly addNameRange     '0.10.4',
288 silly addNameRange     '0.11.2',
288 silly addNameRange     '0.11.3',
288 silly addNameRange     '0.10.5',
288 silly addNameRange     '0.11.4',
288 silly addNameRange     '0.11.5',
288 silly addNameRange     '0.10.6',
288 silly addNameRange     '0.11.6',
288 silly addNameRange     '0.10.7',
288 silly addNameRange     '0.11.7',
288 silly addNameRange     '0.11.8',
288 silly addNameRange     '0.11.9',
288 silly addNameRange     '0.10.8',
288 silly addNameRange     '0.11.10',
288 silly addNameRange     '0.11.11',
288 silly addNameRange     '0.11.12',
288 silly addNameRange     '0.11.11-dev',
288 silly addNameRange     '0.10.9',
288 silly addNameRange     '0.11.12-dev',
288 silly addNameRange     '0.11.12-dev2',
288 silly addNameRange     '0.11.13',
288 silly addNameRange     '0.11.14',
288 silly addNameRange     '0.12.0',
288 silly addNameRange     '0.10.10',
288 silly addNameRange     '0.12.1',
288 silly addNameRange     '0.12.2',
288 silly addNameRange     '0.12.3',
288 silly addNameRange     '0.12.4',
288 silly addNameRange     '0.12.5',
288 silly addNameRange     '0.12.6',
288 silly addNameRange     '0.12.6-beta-43e6e28',
288 silly addNameRange     '0.12.7',
288 silly addNameRange     '0.12.8',
288 silly addNameRange     '0.12.9',
288 silly addNameRange     '0.12.10',
288 silly addNameRange     '0.12.11',
288 silly addNameRange     '0.12.12',
288 silly addNameRange     '0.12.11-beta-3029418',
288 silly addNameRange     '0.12.13',
288 silly addNameRange     '0.12.14',
288 silly addNameRange     '0.12.15',
288 silly addNameRange     '0.12.16',
288 silly addNameRange     '0.12.16-beta-905422d',
288 silly addNameRange     '0.12.17',
288 silly addNameRange     '0.12.18',
288 silly addNameRange     '0.12.19',
288 silly addNameRange     '0.12.20',
288 silly addNameRange     '0.12.21',
288 silly addNameRange     '0.12.22',
288 silly addNameRange     '0.12.23',
288 silly addNameRange     '0.12.24',
288 silly addNameRange     '0.12.24-beta-6cf7955',
288 silly addNameRange     '0.12.25',
288 silly addNameRange     '0.12.25-beta-37a7958',
288 silly addNameRange     '0.12.25-beta-ad5bc24',
288 silly addNameRange     '0.12.26',
288 silly addNameRange     '0.12.27',
288 silly addNameRange     '0.12.28',
288 silly addNameRange     '0.12.28-beta-b9be580',
288 silly addNameRange     '0.12.29',
288 silly addNameRange     '0.12.30',
288 silly addNameRange     '0.12.31',
288 silly addNameRange     '0.12.28-beta-f65c864',
288 silly addNameRange     '0.12.24-dev-test',
288 silly addNameRange     '0.12.24-dev-socketio10',
288 silly addNameRange     '0.12.24-dev-socketio10-2',
288 silly addNameRange     '0.12.32-beta.0',
288 silly addNameRange     '0.12.32',
288 silly addNameRange     '0.13.0-rc.0',
288 silly addNameRange     '0.12.33',
288 silly addNameRange     '0.13.0-rc.1',
288 silly addNameRange     '0.12.34',
288 silly addNameRange     '0.13.0-rc.2',
288 silly addNameRange     '0.12.35',
288 silly addNameRange     '0.13.0-rc.3',
288 silly addNameRange     '0.12.36',
288 silly addNameRange     '0.13.0-rc.4',
288 silly addNameRange     '0.12.37',
288 silly addNameRange     '0.13.0-rc.5',
288 silly addNameRange     '0.13.0-rc.6',
288 silly addNameRange     '0.13.0-rc.7',
288 silly addNameRange     '0.13.0-rc.8',
288 silly addNameRange     '0.13.0-rc.9',
288 silly addNameRange     '0.13.0',
288 silly addNameRange     '0.13.1',
288 silly addNameRange     '0.13.2',
288 silly addNameRange     '0.13.3',
288 silly addNameRange     '0.13.4',
288 silly addNameRange     '0.13.5',
288 silly addNameRange     '0.13.6',
288 silly addNameRange     '0.13.7',
288 silly addNameRange     '0.13.8',
288 silly addNameRange     '0.13.9',
288 silly addNameRange     '0.13.10' ] ]
289 verbose addNamed [ 'karma', '0.12.37' ]
290 verbose addNamed [ '0.12.37', '0.12.37' ]
291 silly lockFile 43ccbf2f-karma-0-12-37 karma@0.12.37
292 verbose lock karma@0.12.37 /home/alexg/.npm/43ccbf2f-karma-0-12-37.lock
293 silly lockFile 9f4d8121-karma-firefox-launcher-0-1-6 karma-firefox-launcher@^0.1.6
294 silly lockFile 9f4d8121-karma-firefox-launcher-0-1-6 karma-firefox-launcher@^0.1.6
295 silly lockFile e7eeaefd-http-server-0-6-1 http-server@^0.6.1
296 silly lockFile e7eeaefd-http-server-0-6-1 http-server@^0.6.1
297 http 304 https://registry.npmjs.org/protractor
298 silly registry.get cb [ 304,
298 silly registry.get   { date: 'Thu, 08 Oct 2015 01:27:48 GMT',
298 silly registry.get     via: '1.1 varnish',
298 silly registry.get     'cache-control': 'max-age=60',
298 silly registry.get     etag: '"RQ41B1O4XFJ5D2MQ1BPHWV3B"',
298 silly registry.get     age: '0',
298 silly registry.get     connection: 'keep-alive',
298 silly registry.get     'x-served-by': 'cache-jfk1028-JFK',
298 silly registry.get     'x-cache': 'HIT',
298 silly registry.get     'x-cache-hits': '1',
298 silly registry.get     'x-timer': 'S1444267668.286689,VS0,VE92',
298 silly registry.get     vary: 'Accept' } ]
299 verbose etag https://registry.npmjs.org/protractor from cache
300 silly addNameRange number 2 { name: 'jasmine-core',
300 silly addNameRange   range: '>=2.3.4-0 <3.0.0-0',
300 silly addNameRange   hasData: true }
301 silly addNameRange versions [ 'jasmine-core',
301 silly addNameRange   [ '2.0.0',
301 silly addNameRange     '2.0.1',
301 silly addNameRange     '2.0.4',
301 silly addNameRange     '2.1.0',
301 silly addNameRange     '2.1.1',
301 silly addNameRange     '2.1.2',
301 silly addNameRange     '2.1.3',
301 silly addNameRange     '2.2.0',
301 silly addNameRange     '2.3.0',
301 silly addNameRange     '2.3.2',
301 silly addNameRange     '2.3.3',
301 silly addNameRange     '2.3.4' ] ]
302 verbose addNamed [ 'jasmine-core', '2.3.4' ]
303 verbose addNamed [ '2.3.4', '2.3.4' ]
304 silly lockFile c7eacfd7-jasmine-core-2-3-4 jasmine-core@2.3.4
305 verbose lock jasmine-core@2.3.4 /home/alexg/.npm/c7eacfd7-jasmine-core-2-3-4.lock
306 silly lockFile 9c865114-karma-junit-reporter-0-2-2 karma-junit-reporter@0.2.2
307 silly lockFile 9c865114-karma-junit-reporter-0-2-2 karma-junit-reporter@0.2.2
308 silly lockFile 6934e75d-karma-junit-reporter-0-2-2 karma-junit-reporter@^0.2.2
309 silly lockFile 6934e75d-karma-junit-reporter-0-2-2 karma-junit-reporter@^0.2.2
310 silly lockFile 542b9617-shelljs-0-2-6 shelljs@0.2.6
311 silly lockFile 542b9617-shelljs-0-2-6 shelljs@0.2.6
312 silly lockFile cdaabbbd-shelljs-0-2-6 shelljs@^0.2.6
313 silly lockFile cdaabbbd-shelljs-0-2-6 shelljs@^0.2.6
314 silly lockFile 43ccbf2f-karma-0-12-37 karma@0.12.37
315 silly lockFile 43ccbf2f-karma-0-12-37 karma@0.12.37
316 silly lockFile 0424ac46-karma-0-12 karma@~0.12
317 silly lockFile 0424ac46-karma-0-12 karma@~0.12
318 silly addNameRange number 2 { name: 'protractor',
318 silly addNameRange   range: '>=2.1.0-0 <3.0.0-0',
318 silly addNameRange   hasData: true }
319 silly addNameRange versions [ 'protractor',
319 silly addNameRange   [ '0.1.0',
319 silly addNameRange     '0.1.1',
319 silly addNameRange     '0.1.2',
319 silly addNameRange     '0.1.3',
319 silly addNameRange     '0.2.0',
319 silly addNameRange     '0.2.1',
319 silly addNameRange     '0.3.0',
319 silly addNameRange     '0.4.0',
319 silly addNameRange     '0.4.1',
319 silly addNameRange     '0.5.0',
319 silly addNameRange     '0.6.1',
319 silly addNameRange     '0.7.0',
319 silly addNameRange     '0.8.0',
319 silly addNameRange     '0.9.0',
319 silly addNameRange     '0.10.0',
319 silly addNameRange     '0.11.0',
319 silly addNameRange     '0.12.0',
319 silly addNameRange     '0.12.1',
319 silly addNameRange     '0.13.0',
319 silly addNameRange     '0.14.0',
319 silly addNameRange     '0.15.0',
319 silly addNameRange     '0.16.0',
319 silly addNameRange     '0.16.1',
319 silly addNameRange     '0.17.0',
319 silly addNameRange     '0.18.0',
319 silly addNameRange     '0.18.1',
319 silly addNameRange     '0.19.0',
319 silly addNameRange     '0.20.0',
319 silly addNameRange     '0.20.1',
319 silly addNameRange     '0.21.0',
319 silly addNameRange     '0.22.0',
319 silly addNameRange     '0.23.0',
319 silly addNameRange     '0.23.1',
319 silly addNameRange     '0.24.0',
319 silly addNameRange     '0.24.1',
319 silly addNameRange     '0.24.2',
319 silly addNameRange     '1.0.0-rc1',
319 silly addNameRange     '1.0.0-rc2',
319 silly addNameRange     '1.0.0-rc3',
319 silly addNameRange     '1.0.0-rc4',
319 silly addNameRange     '1.0.0-rc5',
319 silly addNameRange     '1.0.0-rc6',
319 silly addNameRange     '1.0.0',
319 silly addNameRange     '1.1.0',
319 silly addNameRange     '1.1.1',
319 silly addNameRange     '1.2.0-beta1',
319 silly addNameRange     '1.2.0',
319 silly addNameRange     '1.3.0',
319 silly addNameRange     '1.3.1',
319 silly addNameRange     '1.4.0',
319 silly addNameRange     '1.5.0',
319 silly addNameRange     '1.6.0',
319 silly addNameRange     '1.6.1',
319 silly addNameRange     '1.7.0',
319 silly addNameRange     '1.8.0',
319 silly addNameRange     '2.0.0',
319 silly addNameRange     '2.1.0',
319 silly addNameRange     '2.2.0',
319 silly addNameRange     '2.3.0',
319 silly addNameRange     '2.4.0',
319 silly addNameRange     '2.5.0' ] ]
320 verbose addNamed [ 'protractor', '2.5.0' ]
321 verbose addNamed [ '2.5.0', '2.5.0' ]
322 silly lockFile b468f764-protractor-2-5-0 protractor@2.5.0
323 verbose lock protractor@2.5.0 /home/alexg/.npm/b468f764-protractor-2-5-0.lock
324 silly lockFile c7eacfd7-jasmine-core-2-3-4 jasmine-core@2.3.4
325 silly lockFile c7eacfd7-jasmine-core-2-3-4 jasmine-core@2.3.4
326 silly lockFile a159a41e-jasmine-core-2-3-4 jasmine-core@^2.3.4
327 silly lockFile a159a41e-jasmine-core-2-3-4 jasmine-core@^2.3.4
328 silly lockFile b468f764-protractor-2-5-0 protractor@2.5.0
329 silly lockFile b468f764-protractor-2-5-0 protractor@2.5.0
330 silly lockFile 1d3f6f46-protractor-2-1-0 protractor@^2.1.0
331 silly lockFile 1d3f6f46-protractor-2-1-0 protractor@^2.1.0
332 http 200 https://registry.npmjs.org/bower/-/bower-1.5.3.tgz
333 silly lockFile 3a55fcca--npmjs-org-bower-bower-1-5-3-tgz https://registry.npmjs.org/bower/-/bower-1.5.3.tgz
334 silly lockFile 3a55fcca--npmjs-org-bower-bower-1-5-3-tgz https://registry.npmjs.org/bower/-/bower-1.5.3.tgz
335 silly lockFile a87c38db-bower-1-5-3 bower@1.5.3
336 silly lockFile a87c38db-bower-1-5-3 bower@1.5.3
337 silly lockFile 7c83895e-bower-1-3-1 bower@^1.3.1
338 silly lockFile 7c83895e-bower-1-3-1 bower@^1.3.1
339 error Error: EACCES, mkdir '/home/alexg/.npm/bower/1.5.3'
339 error  { [Error: EACCES, mkdir '/home/alexg/.npm/bower/1.5.3']
339 error   errno: 3,
339 error   code: 'EACCES',
339 error   path: '/home/alexg/.npm/bower/1.5.3',
339 error   parent: 'angular-seed' }
340 error Please try running this command again as root/Administrator.
341 error System Linux 3.13.0-65-generic
342 error command "/usr/bin/node" "/usr/bin/npm" "install"
343 error cwd /home/alexg/usb1/Dev/MyProjects/akira/ClimateDataProto
344 error node -v v0.10.37
345 error npm -v 1.4.28
346 error path /home/alexg/.npm/bower/1.5.3
347 error code EACCES
348 error errno 3
349 error stack Error: EACCES, mkdir '/home/alexg/.npm/bower/1.5.3'
350 verbose exit [ 3, true ]
